
SQL*Loader: Release 11.2.0.2.0 - Production on Dom Sep 5 23:57:49 2021

Copyright (c) 1982, 2009, Oracle and/or its affiliates.  All rights reserved.

Control File:   C:\Users\samue\Desktop\BD_PROY_1\TEMPORAL.ctl
Character Set UTF8 specified for all input.

Data File:      \Users\samue\Desktop\BD_PROY_1\BlockbusterData.csv
  Bad File:     C:\Users\samue\Desktop\BD_PROY_1\BlockbusterData.bad
  Discard File:  none specified
 
 (Allow all discards)

Number to load: ALL
Number to skip: 1
Errors allowed: 50
Bind array:     64 rows, maximum of 256000 bytes
Continuation:    none specified
Path used:      Conventional

Table "TEMPORAL", loaded from every logical record.
Insert option in effect for this table: TRUNCATE
TRAILING NULLCOLS option in effect

   Column Name                  Position   Len  Term Encl Datatype
------------------------------ ---------- ----- ---- ---- ---------------------
NOMBRE_CLIENTE                      FIRST     *   ;       CHARACTER            
CORREO_CLIENTE                       NEXT     *   ;       CHARACTER            
CLIENTE_ACTIVO                       NEXT     *   ;       CHARACTER            
FECHA_CREACION                       NEXT     *   ;       CHARACTER            
    SQL string for column : "decode(:FECHA_CREACION,'-',null,:FECHA_CREACION)"
TIENDA_PREFERIDA                     NEXT     *   ;       CHARACTER            
DIRECCION_CLIENTE                    NEXT     *   ;       CHARACTER            
CODIGO_POSTAL_CLIENTE                NEXT     *   ;       CHARACTER            
CIUDAD_CLIENTE                       NEXT     *   ;       CHARACTER            
PAIS_CLIENTE                         NEXT     *   ;       CHARACTER            
FECHA_RENTA                          NEXT     *   ;       CHARACTER            
    SQL string for column : "decode(:FECHA_RENTA,'-',null,:FECHA_RENTA)"
FECHA_RETORNO                        NEXT     *   ;       CHARACTER            
    SQL string for column : "decode(:FECHA_RETORNO,'-',null,:FECHA_RETORNO)"
MONTO_A_PAGAR                        NEXT     *   ;       CHARACTER            
FECHA_PAGO                           NEXT     *   ;       CHARACTER            
    SQL string for column : "decode(:FECHA_PAGO,'-',null,:FECHA_PAGO)"
NOMBRE_EMPLEADO                      NEXT     *   ;       CHARACTER            
CORREO_EMPLEADO                      NEXT     *   ;       CHARACTER            
EMPLEADO_ACTIVO                      NEXT     *   ;       CHARACTER            
TIENDA_EMPLEADO                      NEXT     *   ;       CHARACTER            
USUARIO_EMPLEADO                     NEXT     *   ;       CHARACTER            
CONTRASENA_EMPLEADO                  NEXT     *   ;       CHARACTER            
DIRECCION_EMPLEADO                   NEXT     *   ;       CHARACTER            
CODIGO_POSTAL_EMPLEADO               NEXT     *   ;       CHARACTER            
CIUDAD_EMPLEADO                      NEXT     *   ;       CHARACTER            
PAIS_EMPLEADO                        NEXT     *   ;       CHARACTER            
NOMBRE_TIENDA                        NEXT     *   ;       CHARACTER            
ENCARGADO_TIENDA                     NEXT     *   ;       CHARACTER            
DIRECCION_TIENDA                     NEXT     *   ;       CHARACTER            
CODIGO_POSTAL_TIENDA                 NEXT     *   ;       CHARACTER            
CIUDAD_TIENDA                        NEXT     *   ;       CHARACTER            
PAIS_TIENDA                          NEXT     *   ;       CHARACTER            
TIENDA_PELICULA                      NEXT     *   ;       CHARACTER            
NOMBRE_PELICULA                      NEXT     *   ;       CHARACTER            
DESCRIPCION_PELICULA                 NEXT     *   ;       CHARACTER            
ANO_LANZAMIENTO                      NEXT     *   ;       CHARACTER            
DIAS_RENTA                           NEXT     *   ;       CHARACTER            
COSTO_RENTA                          NEXT     *   ;       CHARACTER            
DURACION                             NEXT     *   ;       CHARACTER            
COSTO_POR_DANO                       NEXT     *   ;       CHARACTER            
CLASIFICACION                        NEXT     *   ;       CHARACTER            
LENGUAJE_PELICULA                    NEXT     *   ;       CHARACTER            
CATEGORIA_PELICULA                   NEXT     *   ;       CHARACTER            
ACTOR_PELICULA                       NEXT     *   ;       CHARACTER            

value used for ROWS parameter changed from 64 to 24

Table "TEMPORAL":
  89471 Rows successfully loaded.
  0 Rows not loaded due to data errors.
  0 Rows not loaded because all WHEN clauses were failed.
  0 Rows not loaded because all fields were null.


Space allocated for bind array:                 253872 bytes(24 rows)
Read   buffer bytes: 1048576

Total logical records skipped:          1
Total logical records read:         89471
Total logical records rejected:         0
Total logical records discarded:        0

Run began on Dom Sep 05 23:57:49 2021
Run ended on Dom Sep 05 23:57:55 2021

Elapsed time was:     00:00:05.94
CPU time was:         00:00:01.76
